[2025-02-26 11:52:16] Request Payload: {"message":"Use this OTP code to access MeroVote Online Voting System: 354844","mobile":"9826170721"}
[2025-02-26 11:52:16] Response: {"message":"Success! SMS has been sent","status":0,"ntc":0,"ncell":1,"smartcell":0,"sms_length":1}
[2025-02-26 12:22:54] Request Payload: {"message":"Use this OTP code to access MeroVote Online Voting System: 945267","mobile":"9826170721"}
[2025-02-26 12:22:54] Response: {"message":"Success! SMS has been sent","status":0,"ntc":0,"ncell":1,"smartcell":0,"sms_length":1}
[2025-02-26 12:33:28] Session Status: Array
(
    [otp_mobile] => 9826170721
    [otp_sent] => 1
    [loggedin] => 1
)

[2025-02-26 12:33:37] Session Status: Array
(
)

[2025-02-26 12:33:40] Generated OTP: 874797
[2025-02-26 12:33:41] Request to Sociair: {"message":"Use this OTP code to access MeroVote Online Voting System: 874797","mobile":"9826170721"}
[2025-02-26 12:33:41] Response Code: 422, Response: {"errors":"Invalid token - your_api_token_here"}
[2025-02-26 12:33:41] Session Status: Array
(
    [otp_attempts] => 0
)

[2025-02-26 12:37:52] Generated OTP: 408479
[2025-02-26 12:37:53] Request to Sociair: {"message":"Use this OTP code to access MeroVote Online Voting System: 408479","mobile":"9826170721"}
[2025-02-26 12:37:53] Response Code: 422, Response: {"errors":"Invalid token - your_api_token_here"}
[2025-02-26 12:37:53] Session Status: Array
(
    [otp_attempts] => 0
)

[2025-02-26 16:20:47] Session Status: Array
(
)

[2025-02-26 16:20:50] Generated OTP: 531389
[2025-02-26 16:20:51] Request to Sociair: {"message":"Use this OTP code to access MeroVote Online Voting System: 531389","mobile":"9826170721"}
[2025-02-26 16:20:51] Response Code: 200, Response: {"message":"Success! SMS has been sent","status":0,"ntc":0,"ncell":1,"smartcell":0,"sms_length":1}
[2025-02-26 16:20:51] Session Status: Array
(
    [otp_attempts] => 0
)

[2025-02-26 16:59:23] Generated OTP: 347082 for mobile: 9826170721
[2025-02-26 16:59:23] Request to Sociair: {"message":"Use this OTP code to access MeroVote Online Voting System: 347082","mobile":"9826170721"}
[2025-02-26 16:59:23] Response Code: 200, Response: {"message":"Success! SMS has been sent","status":0,"ntc":0,"ncell":1,"smartcell":0,"sms_length":1}
[2025-02-26 16:59:23] Session Status: Array
(
    [otp_attempts] => 0
    [otp] => 347082
    [otp_mobile] => 9826170721
    [otp_sent] => 1
)

[2025-02-26 16:59:33] Verifying OTP: input = 347082, stored = 347082
[2025-02-26 16:59:33] OTP verification successful.
[2025-02-26 16:59:33] Session Status: Array
(
    [otp_mobile] => 9826170721
    [otp_sent] => 1
    [loggedin] => 1
)

[2025-02-26 17:16:38] Session Status: Array
(
)

[2025-02-26 17:16:42] Generated OTP: 248468 for mobile: 9826170721
[2025-02-26 17:16:43] Request to Sociair: {"message":"Use this OTP code to access MeroVote Online Voting System: 248468","mobile":"9826170721"}
[2025-02-26 17:16:43] Response Code: 200, Response: {"message":"Success! SMS has been sent","status":0,"ntc":0,"ncell":1,"smartcell":0,"sms_length":1}
[2025-02-26 17:16:43] Session Status: Array
(
    [otp] => 248468
    [otp_attempts] => 0
    [otp_mobile] => 9826170721
    [otp_sent] => 1
)

[2025-02-26 17:16:59] Verifying OTP: input = 248468, stored = 248468
[2025-02-26 17:16:59] OTP verification successful.
[2025-02-26 17:16:59] Session Status: Array
(
    [otp_mobile] => 9826170721
    [otp_sent] => 1
    [loggedin] => 1
)

[2025-02-26 17:21:30] Verifying OTP: input = 248468, stored = none
[2025-02-26 17:21:30] OTP verification failed.
[2025-02-26 17:21:30] Session Status: Array
(
    [otp_mobile] => 9826170721
    [otp_sent] => 1
    [loggedin] => 1
)

[2025-02-26 17:55:30] Verifying OTP: input = 248468, stored = none
[2025-02-26 17:55:30] OTP verification failed.
[2025-02-26 17:55:30] Session Status: Array
(
    [otp_mobile] => 9826170721
    [otp_sent] => 1
    [loggedin] => 1
)

[2025-02-26 17:55:57] Session Status: Array
(
)

[2025-02-26 17:56:01] Generated OTP: 526510 for mobile: 9826170721
[2025-02-26 17:56:02] Request Payload: {"message":"Use this OTP code to access MeroVote Online Voting System: 526510","mobile":"9826170721"}
[2025-02-26 17:56:02] Response Code: 200, Response: {"message":"Success! SMS has been sent","status":0,"ntc":0,"ncell":1,"smartcell":0,"sms_length":1}
[2025-02-26 17:56:02] Session Status: Array
(
    [otp] => 526510
    [otp_attempts] => 0
    [otp_mobile] => 9826170721
    [otp_sent] => 1
)

[2025-02-26 17:56:15] Verifying OTP. Input: 526510, Stored: 526510
[2025-02-26 17:56:15] OTP verification successful.
[2025-02-26 17:56:15] Session Status: Array
(
    [otp_mobile] => 9826170721
    [otp_sent] => 1
    [loggedin] => 1
)

[2025-02-26 18:08:45] Session Status: Array
(
    [otp_mobile] => 9826170721
    [otp_sent] => 1
    [loggedin] => 1
)

[2025-02-26 18:09:02] Session Status: Array
(
)

[2025-02-26 18:09:05] Generated OTP: 197668 for mobile: 9826170721
[2025-02-26 18:09:06] Request Payload: {"message":"Use this OTP code to access MeroVote Online Voting System: 197668","mobile":"9826170721"}
[2025-02-26 18:09:06] Response Code: 200, Response: {"message":"Success! SMS has been sent","status":0,"ntc":0,"ncell":1,"smartcell":0,"sms_length":1}
[2025-02-26 18:09:06] Session Status: Array
(
    [otp_attempts] => 0
)

[2025-02-26 18:09:13] Generated OTP: 437990 for mobile: 9826170721
[2025-02-26 18:09:14] Request Payload: {"message":"Use this OTP code to access MeroVote Online Voting System: 437990","mobile":"9826170721"}
[2025-02-26 18:09:14] Response Code: 200, Response: {"message":"Success! SMS has been sent","status":0,"ntc":0,"ncell":1,"smartcell":0,"sms_length":1}
[2025-02-26 18:09:14] Session Status: Array
(
    [otp_attempts] => 0
)

[2025-02-26 18:09:16] Generated OTP: 550085 for mobile: 9826170721
[2025-02-26 18:09:16] Request Payload: {"message":"Use this OTP code to access MeroVote Online Voting System: 550085","mobile":"9826170721"}
[2025-02-26 18:09:16] Response Code: 200, Response: {"message":"Success! SMS has been sent","status":0,"ntc":0,"ncell":1,"smartcell":0,"sms_length":1}
[2025-02-26 18:09:16] Session Status: Array
(
    [otp_attempts] => 0
)

[2025-02-26 18:09:49] Session Status: Array
(
    [user_id] => 11
    [user_type] => college
    [user_identifier] => 11
    [user_role] => School/College Level Election
)

[2025-02-26 18:09:52] Generated OTP: 639471 for mobile: 9826170721
[2025-02-26 18:09:52] Request Payload: {"message":"Use this OTP code to access MeroVote Online Voting System: 639471","mobile":"9826170721"}
[2025-02-26 18:09:52] Response Code: 200, Response: {"message":"Success! SMS has been sent","status":0,"ntc":0,"ncell":1,"smartcell":0,"sms_length":1}
[2025-02-26 18:09:52] Session Status: Array
(
    [user_id] => 11
    [user_type] => college
    [user_identifier] => 11
    [user_role] => School/College Level Election
    [otp_attempts] => 0
)

[2025-02-26 18:20:04] Session Status: Array
(
    [user_id] => 11
    [user_type] => college
    [user_identifier] => 11
    [user_role] => School/College Level Election
    [otp_attempts] => 0
)

[2025-02-26 18:20:05] Session Status: Array
(
    [user_id] => 11
    [user_type] => college
    [user_identifier] => 11
    [user_role] => School/College Level Election
    [otp_attempts] => 0
)

[2025-02-26 18:20:06] Session Status: Array
(
    [user_id] => 11
    [user_type] => college
    [user_identifier] => 11
    [user_role] => School/College Level Election
    [otp_attempts] => 0
)

[2025-02-26 18:20:06] Session Status: Array
(
    [user_id] => 11
    [user_type] => college
    [user_identifier] => 11
    [user_role] => School/College Level Election
    [otp_attempts] => 0
)

[2025-02-26 18:21:03] Session Status: Array
(
    [user_id] => 11
    [user_type] => college
    [user_identifier] => 11
    [user_role] => School/College Level Election
)

[2025-02-26 18:21:10] Generated OTP: 216352 for mobile: 9826170721
[2025-02-26 18:21:10] Request Payload: {"message":"Use this OTP code to access MeroVote Online Voting System: 216352","mobile":"9826170721"}
[2025-02-26 18:21:10] Response Code: 200, Response: {"message":"Success! SMS has been sent","status":0,"ntc":0,"ncell":1,"smartcell":0,"sms_length":1}
[2025-02-26 18:21:10] Session Status: Array
(
    [user_id] => 11
    [user_type] => college
    [user_identifier] => 11
    [user_role] => School/College Level Election
    [otp] => 216352
    [otp_attempts] => 0
    [otp_mobile] => 9826170721
    [otp_sent] => 1
)

[2025-02-26 18:21:27] Verifying OTP. Input: 216352, Stored: 216352
[2025-02-26 18:21:27] OTP verification successful.
[2025-02-26 18:24:28] Session Status: Array
(
    [user_id] => 28
    [user_type] => college
    [user_identifier] => 28
    [user_role] => School/College Level Election
    [otp_mobile] => 9826170721
    [otp_sent] => 1
    [loggedin] => 1
)

[2025-02-26 18:24:34] Session Status: Array
(
    [user_id] => 28
    [user_type] => college
    [user_identifier] => 28
    [user_role] => School/College Level Election
    [otp_mobile] => 9826170721
    [otp_sent] => 1
    [loggedin] => 1
)

[2025-02-26 18:25:16] Session Status: Array
(
    [user_id] => 28
    [user_type] => college
    [user_identifier] => 28
    [user_role] => School/College Level Election
    [otp_mobile] => 9826170721
    [otp_sent] => 1
    [loggedin] => 1
)

[2025-02-26 18:35:08] Session Status: Array
(
    [user_id] => 28
    [user_type] => college
    [user_identifier] => 28
    [user_role] => School/College Level Election
    [loggedin] => 1
)

[2025-02-26 18:35:43] Generated OTP: 631471 for mobile: 9860394188
[2025-02-26 18:35:43] Request Payload: {"message":"Use this OTP code to access MeroVote Online Voting System: 631471","mobile":"9860394188"}
[2025-02-26 18:35:43] Response Code: 200, Response: {"message":"Success! SMS has been sent","status":0,"ntc":1,"ncell":0,"smartcell":0,"sms_length":1}
[2025-02-26 18:35:43] Session Status: Array
(
    [user_id] => 28
    [user_type] => college
    [user_identifier] => 28
    [user_role] => School/College Level Election
    [loggedin] => 1
    [otp] => 631471
    [otp_attempts] => 0
    [otp_mobile] => 9860394188
    [otp_sent] => 1
)

[2025-02-26 18:36:45] Verifying OTP. Input: 631471, Stored: 631471
[2025-02-26 18:36:45] OTP verification successful.
[2025-02-27 01:52:12] Session Status: Array
(
)

[2025-02-27 01:52:20] Session Status: Array
(
)

[2025-02-27 01:52:26] Session Status: Array
(
)

[2025-02-27 01:52:37] Session Status: Array
(
)

[2025-02-27 01:55:05] Session Status: Array
(
    [user_id] => 1
    [user_type] => college
    [user_identifier] => 2077-001
    [user_role] => School/College Level Election
)

[2025-02-27 01:55:11] Generated OTP: 327627 for mobile: 9840760417
[2025-02-27 01:55:12] Request Payload: {"message":"Use this OTP code to access MeroVote Online Voting System: 327627","mobile":"9840760417"}
[2025-02-27 01:55:12] Response Code: 200, Response: {"message":"Success! SMS has been sent","status":0,"ntc":1,"ncell":0,"smartcell":0,"sms_length":1}
[2025-02-27 01:55:12] Session Status: Array
(
    [user_id] => 1
    [user_type] => college
    [user_identifier] => 2077-001
    [user_role] => School/College Level Election
    [otp] => 327627
    [otp_attempts] => 0
    [otp_mobile] => 9840760417
    [otp_sent] => 1
)

[2025-02-27 01:55:40] Verifying OTP. Input: 398579, Stored: 327627
[2025-02-27 01:55:40] OTP verification failed. Attempt: 1
[2025-02-27 01:55:40] Session Status: Array
(
    [user_id] => 1
    [user_type] => college
    [user_identifier] => 2077-001
    [user_role] => School/College Level Election
    [otp] => 327627
    [otp_attempts] => 1
    [otp_mobile] => 9840760417
    [otp_sent] => 1
)

[2025-02-27 01:55:46] Verifying OTP. Input: 372913, Stored: 327627
[2025-02-27 01:55:46] OTP verification failed. Attempt: 2
[2025-02-27 01:55:46] Session Status: Array
(
    [user_id] => 1
    [user_type] => college
    [user_identifier] => 2077-001
    [user_role] => School/College Level Election
    [otp] => 327627
    [otp_attempts] => 2
    [otp_mobile] => 9840760417
    [otp_sent] => 1
)

[2025-02-27 01:55:55] Verifying OTP. Input: 327627, Stored: 327627
[2025-02-27 01:55:55] OTP verification successful.
[2025-02-27 01:59:30] Session Status: Array
(
    [user_id] => 15
    [user_type] => local
    [user_identifier] => 2007-06-19
    [user_role] => Local Level Election
    [loggedin] => 1
    [admin_id] => A-1005
)

[2025-02-27 01:59:34] Generated OTP: 252100 for mobile: 9826170721
[2025-02-27 01:59:34] Request Payload: {"message":"Use this OTP code to access MeroVote Online Voting System: 252100","mobile":"9826170721"}
[2025-02-27 01:59:34] Response Code: 200, Response: {"message":"Success! SMS has been sent","status":0,"ntc":0,"ncell":1,"smartcell":0,"sms_length":1}
[2025-02-27 01:59:34] Session Status: Array
(
    [user_id] => 15
    [user_type] => local
    [user_identifier] => 2007-06-19
    [user_role] => Local Level Election
    [loggedin] => 1
    [admin_id] => A-1005
    [otp] => 252100
    [otp_attempts] => 0
    [otp_mobile] => 9826170721
    [otp_sent] => 1
)

[2025-02-27 01:59:48] Verifying OTP. Input: 458594, Stored: 252100
[2025-02-27 01:59:48] OTP verification failed. Attempt: 1
[2025-02-27 01:59:48] Session Status: Array
(
    [user_id] => 15
    [user_type] => local
    [user_identifier] => 2007-06-19
    [user_role] => Local Level Election
    [loggedin] => 1
    [admin_id] => A-1005
    [otp] => 252100
    [otp_attempts] => 1
    [otp_mobile] => 9826170721
    [otp_sent] => 1
)

[2025-02-27 02:00:29] Verifying OTP. Input: 563098, Stored: 252100
[2025-02-27 02:00:29] OTP verification failed. Attempt: 2
[2025-02-27 02:00:29] Session Status: Array
(
    [user_id] => 15
    [user_type] => local
    [user_identifier] => 2007-06-19
    [user_role] => Local Level Election
    [loggedin] => 1
    [admin_id] => A-1005
    [otp] => 252100
    [otp_attempts] => 2
    [otp_mobile] => 9826170721
    [otp_sent] => 1
)

[2025-02-27 02:00:35] Verifying OTP. Input: 252100, Stored: 252100
[2025-02-27 02:00:35] OTP verification successful.
[2025-02-27 02:09:54] Session Status: Array
(
    [user_id] => 1
    [user_type] => college
    [user_identifier] => 2077-001
    [user_role] => School/College Level Election
    [loggedin] => 1
    [admin_id] => A-1005
    [show_modal] => 1
)

[2025-02-27 02:09:57] Generated OTP: 851515 for mobile: 9840760417
[2025-02-27 02:09:58] Request Payload: {"message":"Use this OTP code to access MeroVote Online Voting System: 851515","mobile":"9840760417"}
[2025-02-27 02:09:58] Response Code: 200, Response: {"message":"Success! SMS has been sent","status":0,"ntc":1,"ncell":0,"smartcell":0,"sms_length":1}
[2025-02-27 02:09:58] Session Status: Array
(
    [user_id] => 1
    [user_type] => college
    [user_identifier] => 2077-001
    [user_role] => School/College Level Election
    [loggedin] => 1
    [admin_id] => A-1005
    [show_modal] => 1
    [otp] => 851515
    [otp_attempts] => 0
    [otp_mobile] => 9840760417
    [otp_sent] => 1
)

[2025-02-27 02:10:13] Verifying OTP. Input: 327627, Stored: 851515
[2025-02-27 02:10:13] OTP verification failed. Attempt: 1
[2025-02-27 02:10:13] Session Status: Array
(
    [user_id] => 1
    [user_type] => college
    [user_identifier] => 2077-001
    [user_role] => School/College Level Election
    [loggedin] => 1
    [admin_id] => A-1005
    [show_modal] => 1
    [otp] => 851515
    [otp_attempts] => 1
    [otp_mobile] => 9840760417
    [otp_sent] => 1
)

[2025-02-27 02:10:19] Verifying OTP. Input: 276401, Stored: 851515
[2025-02-27 02:10:19] OTP verification failed. Attempt: 2
[2025-02-27 02:10:19] Session Status: Array
(
    [user_id] => 1
    [user_type] => college
    [user_identifier] => 2077-001
    [user_role] => School/College Level Election
    [loggedin] => 1
    [admin_id] => A-1005
    [show_modal] => 1
    [otp] => 851515
    [otp_attempts] => 2
    [otp_mobile] => 9840760417
    [otp_sent] => 1
)

[2025-02-27 02:10:26] Verifying OTP. Input: 851515, Stored: 851515
[2025-02-27 02:10:26] OTP verification successful.
[2025-02-27 02:10:41] Session Status: Array
(
    [user_id] => 1
    [user_type] => college
    [user_identifier] => 2077-001
    [user_role] => School/College Level Election
    [loggedin] => 1
    [admin_id] => A-1005
    [show_modal] => 1
)

[2025-02-27 02:10:45] Generated OTP: 906479 for mobile: 9840760417
[2025-02-27 02:10:45] Request Payload: {"message":"Use this OTP code to access MeroVote Online Voting System: 906479","mobile":"9840760417"}
[2025-02-27 02:10:45] Response Code: 200, Response: {"message":"Success! SMS has been sent","status":0,"ntc":1,"ncell":0,"smartcell":0,"sms_length":1}
[2025-02-27 02:10:45] Session Status: Array
(
    [user_id] => 1
    [user_type] => college
    [user_identifier] => 2077-001
    [user_role] => School/College Level Election
    [loggedin] => 1
    [admin_id] => A-1005
    [show_modal] => 1
    [otp] => 906479
    [otp_attempts] => 0
    [otp_mobile] => 9840760417
    [otp_sent] => 1
)

[2025-02-27 02:10:53] Verifying OTP. Input: 851515, Stored: 906479
[2025-02-27 02:10:53] OTP verification failed. Attempt: 1
[2025-02-27 02:10:53] Session Status: Array
(
    [user_id] => 1
    [user_type] => college
    [user_identifier] => 2077-001
    [user_role] => School/College Level Election
    [loggedin] => 1
    [admin_id] => A-1005
    [show_modal] => 1
    [otp] => 906479
    [otp_attempts] => 1
    [otp_mobile] => 9840760417
    [otp_sent] => 1
)

[2025-02-27 02:11:01] Verifying OTP. Input: 906479, Stored: 906479
[2025-02-27 02:11:01] OTP verification successful.
[2025-02-27 02:19:54] Session Status: Array
(
    [user_id] => 2
    [user_type] => college
    [user_identifier] => 2077-002
    [user_role] => School/College Level Election
    [loggedin] => 1
    [admin_id] => A-1005
    [show_modal] => 1
)

[2025-02-27 02:20:46] Session Status: Array
(
    [user_id] => 2
    [user_type] => college
    [user_identifier] => 2077-002
    [user_role] => School/College Level Election
    [loggedin] => 1
    [admin_id] => A-1005
    [show_modal] => 1
)

[2025-02-27 02:20:52] Generated OTP: 672064 for mobile: 9748429924
[2025-02-27 02:20:56] Request Payload: {"message":"Use this OTP code to access MeroVote Online Voting System: 672064","mobile":"9748429924"}
[2025-02-27 02:20:56] Response Code: 200, Response: {"message":"Success! SMS has been sent","status":0,"ntc":1,"ncell":0,"smartcell":0,"sms_length":1}
[2025-02-27 02:20:56] Session Status: Array
(
    [user_id] => 2
    [user_type] => college
    [user_identifier] => 2077-002
    [user_role] => School/College Level Election
    [loggedin] => 1
    [admin_id] => A-1005
    [show_modal] => 1
    [otp] => 672064
    [otp_attempts] => 0
    [otp_mobile] => 9748429924
    [otp_sent] => 1
)

[2025-02-27 02:21:12] Verifying OTP. Input: 569490, Stored: 672064
[2025-02-27 02:21:12] OTP verification failed. Attempt: 1
[2025-02-27 02:21:12] Session Status: Array
(
    [user_id] => 2
    [user_type] => college
    [user_identifier] => 2077-002
    [user_role] => School/College Level Election
    [loggedin] => 1
    [admin_id] => A-1005
    [show_modal] => 1
    [otp] => 672064
    [otp_attempts] => 1
    [otp_mobile] => 9748429924
    [otp_sent] => 1
)

[2025-02-27 02:21:19] Verifying OTP. Input: 672064, Stored: 672064
[2025-02-27 02:21:19] OTP verification successful.
[2025-02-27 02:23:50] Session Status: Array
(
    [user_id] => 15
    [user_type] => local
    [user_identifier] => 2007-06-19
    [user_role] => Local Level Election
    [loggedin] => 1
    [admin_id] => A-1005
    [show_modal] => 1
)

[2025-02-27 02:24:00] Session Status: Array
(
    [user_id] => 15
    [user_type] => local
    [user_identifier] => 2007-06-19
    [user_role] => Local Level Election
    [loggedin] => 1
    [admin_id] => A-1005
    [show_modal] => 1
)

[2025-02-27 02:24:02] Generated OTP: 251999 for mobile: 9826170721
[2025-02-27 02:24:06] Request Payload: {"message":"Use this OTP code to access MeroVote Online Voting System: 251999","mobile":"9826170721"}
[2025-02-27 02:24:06] Response Code: 200, Response: {"message":"Success! SMS has been sent","status":0,"ntc":0,"ncell":1,"smartcell":0,"sms_length":1}
[2025-02-27 02:24:06] Session Status: Array
(
    [user_id] => 15
    [user_type] => local
    [user_identifier] => 2007-06-19
    [user_role] => Local Level Election
    [loggedin] => 1
    [admin_id] => A-1005
    [show_modal] => 1
    [otp] => 251999
    [otp_attempts] => 0
    [otp_mobile] => 9826170721
    [otp_sent] => 1
)

[2025-02-27 02:24:15] Verifying OTP. Input: 251999, Stored: 251999
[2025-02-27 02:24:15] OTP verification successful.
[2025-02-27 02:53:31] Session Status: Array
(
    [user_id] => 15
    [user_type] => local
    [user_identifier] => 2007-06-19
    [user_role] => Local Level Election
    [loggedin] => 1
    [admin_id] => A-1005
    [show_modal] => 1
)

[2025-02-27 02:54:20] Session Status: Array
(
    [user_id] => 15
    [user_type] => local
    [user_identifier] => 2007-06-19
    [user_role] => Local Level Election
    [loggedin] => 1
    [admin_id] => A-1005
    [show_modal] => 1
)

[2025-02-27 02:55:09] Session Status: Array
(
    [user_id] => 15
    [user_type] => local
    [user_identifier] => 2007-06-19
    [user_role] => Local Level Election
    [loggedin] => 1
    [admin_id] => A-1005
    [show_modal] => 1
)

[2025-02-27 02:55:19] Session Status: Array
(
    [user_id] => 15
    [user_type] => local
    [user_identifier] => 2007-06-19
    [user_role] => Local Level Election
    [loggedin] => 1
    [admin_id] => A-1005
    [show_modal] => 1
)

[2025-02-27 02:55:21] Session Status: Array
(
    [user_id] => 15
    [user_type] => local
    [user_identifier] => 2007-06-19
    [user_role] => Local Level Election
    [loggedin] => 1
    [admin_id] => A-1005
    [show_modal] => 1
)

[2025-02-27 02:55:45] Session Status: Array
(
    [user_id] => 15
    [user_type] => local
    [user_identifier] => 2007-06-19
    [user_role] => Local Level Election
    [loggedin] => 1
    [admin_id] => A-1005
    [show_modal] => 1
)

[2025-02-27 02:55:54] Session Status: Array
(
    [user_id] => 15
    [user_type] => local
    [user_identifier] => 2007-06-19
    [user_role] => Local Level Election
    [loggedin] => 1
    [admin_id] => A-1005
    [show_modal] => 1
)

[2025-02-27 02:56:06] Session Status: Array
(
    [user_id] => 15
    [user_type] => local
    [user_identifier] => 2007-06-19
    [user_role] => Local Level Election
    [loggedin] => 1
    [admin_id] => A-1005
    [show_modal] => 1
)

[2025-02-27 02:57:42] Session Status: Array
(
    [user_id] => 15
    [user_type] => local
    [user_identifier] => 2007-06-19
    [user_role] => Local Level Election
    [loggedin] => 1
    [admin_id] => A-1005
    [show_modal] => 1
)

[2025-02-27 02:57:56] Session Status: Array
(
    [user_id] => 15
    [user_type] => local
    [user_identifier] => 2007-06-19
    [user_role] => Local Level Election
    [loggedin] => 1
    [admin_id] => A-1005
    [show_modal] => 1
)

[2025-02-27 02:58:05] Session Status: Array
(
    [user_id] => 15
    [user_type] => local
    [user_identifier] => 2007-06-19
    [user_role] => Local Level Election
    [loggedin] => 1
    [admin_id] => A-1005
    [show_modal] => 1
)

[2025-02-27 02:58:22] Session Status: Array
(
    [user_id] => 15
    [user_type] => local
    [user_identifier] => 2007-06-19
    [user_role] => Local Level Election
    [loggedin] => 1
    [admin_id] => A-1005
    [show_modal] => 1
)

[2025-02-27 03:01:19] Session Status: Array
(
    [user_id] => 15
    [user_type] => local
    [user_identifier] => 2007-06-19
    [user_role] => Local Level Election
    [loggedin] => 1
    [admin_id] => A-1005
    [show_modal] => 1
)

[2025-02-27 03:02:34] Session Status: Array
(
    [user_id] => 15
    [user_type] => local
    [user_identifier] => 2007-06-19
    [user_role] => Local Level Election
    [loggedin] => 1
    [admin_id] => A-1005
    [show_modal] => 1
)

[2025-02-27 03:03:01] Session Status: Array
(
    [user_id] => 15
    [user_type] => local
    [user_identifier] => 2007-06-19
    [user_role] => Local Level Election
    [loggedin] => 1
    [admin_id] => A-1005
    [show_modal] => 1
)

[2025-02-27 03:04:01] Session Status: Array
(
    [user_id] => 15
    [user_type] => local
    [user_identifier] => 2007-06-19
    [user_role] => Local Level Election
    [loggedin] => 1
    [admin_id] => A-1005
    [show_modal] => 1
)

[2025-02-27 03:04:32] Session Status: Array
(
    [user_id] => 15
    [user_type] => local
    [user_identifier] => 2007-06-19
    [user_role] => Local Level Election
    [loggedin] => 1
    [admin_id] => A-1005
    [show_modal] => 1
)

[2025-02-27 03:06:59] Session Status: Array
(
    [user_id] => 15
    [user_type] => local
    [user_identifier] => 2007-06-19
    [user_role] => Local Level Election
    [loggedin] => 1
    [admin_id] => A-1005
    [show_modal] => 1
)

[2025-02-27 03:07:08] Session Status: Array
(
    [user_id] => 15
    [user_type] => local
    [user_identifier] => 2007-06-19
    [user_role] => Local Level Election
    [loggedin] => 1
    [admin_id] => A-1005
    [show_modal] => 1
)

[2025-02-27 03:52:34] Session Status: Array
(
    [user_id] => 15
    [user_type] => local
    [user_identifier] => 2007-06-19
    [user_role] => Local Level Election
    [loggedin] => 1
    [admin_id] => A-1005
    [show_modal] => 1
)

[2025-02-27 03:52:40] Generated OTP: 530252 for mobile: 9826170721
[2025-02-27 03:52:41] Request Payload: {"message":"Use this OTP code to access MeroVote Online Voting System: 530252","mobile":"9826170721"}
[2025-02-27 03:52:41] Response Code: 200, Response: {"message":"Success! SMS has been sent","status":0,"ntc":0,"ncell":1,"smartcell":0,"sms_length":1}
[2025-02-27 03:52:41] Session Status: Array
(
    [user_id] => 15
    [user_type] => local
    [user_identifier] => 2007-06-19
    [user_role] => Local Level Election
    [loggedin] => 1
    [admin_id] => A-1005
    [show_modal] => 1
    [otp] => 530252
    [otp_attempts] => 0
    [otp_mobile] => 9826170721
    [otp_sent] => 1
)

[2025-02-27 03:52:58] Verifying OTP. Input: 530252, Stored: 530252
[2025-02-27 03:52:58] OTP verification successful.
[2025-02-27 12:30:48] Session Status: Array
(
    [user_id] => 15
    [user_type] => local
    [user_identifier] => 2007-06-19
    [user_role] => Local Level Election
)

[2025-02-27 12:31:00] Generated OTP: 230505 for mobile: 9826170721
[2025-02-27 12:31:00] Request Payload: {"message":"Use this OTP code to access MeroVote Online Voting System: 230505","mobile":"9826170721"}
[2025-02-27 12:31:00] Response Code: 200, Response: {"message":"Success! SMS has been sent","status":0,"ntc":0,"ncell":1,"smartcell":0,"sms_length":1}
[2025-02-27 12:31:00] Session Status: Array
(
    [user_id] => 15
    [user_type] => local
    [user_identifier] => 2007-06-19
    [user_role] => Local Level Election
    [otp] => 230505
    [otp_attempts] => 0
    [otp_mobile] => 9826170721
    [otp_sent] => 1
)

[2025-02-27 12:31:32] Verifying OTP. Input: 767958, Stored: 230505
[2025-02-27 12:31:32] OTP verification failed. Attempt: 1
[2025-02-27 12:31:32] Session Status: Array
(
    [user_id] => 15
    [user_type] => local
    [user_identifier] => 2007-06-19
    [user_role] => Local Level Election
    [otp] => 230505
    [otp_attempts] => 1
    [otp_mobile] => 9826170721
    [otp_sent] => 1
)

[2025-02-27 12:31:39] Verifying OTP. Input: 837379, Stored: 230505
[2025-02-27 12:31:39] OTP verification failed. Attempt: 2
[2025-02-27 12:31:39] Session Status: Array
(
    [user_id] => 15
    [user_type] => local
    [user_identifier] => 2007-06-19
    [user_role] => Local Level Election
    [otp] => 230505
    [otp_attempts] => 2
    [otp_mobile] => 9826170721
    [otp_sent] => 1
)

[2025-02-27 12:32:06] Verifying OTP. Input: 230505, Stored: 230505
[2025-02-27 12:32:06] OTP verification successful.
[2025-02-27 12:33:20] Session Status: Array
(
    [user_id] => 15
    [user_type] => local
    [user_identifier] => 2007-06-19
    [user_role] => Local Level Election
    [loggedin] => 1
    [show_modal] => 1
    [admin_id] => A-1005
)

[2025-02-27 12:33:23] Generated OTP: 335466 for mobile: 9826170721
[2025-02-27 12:33:24] Request Payload: {"message":"Use this OTP code to access MeroVote Online Voting System: 335466","mobile":"9826170721"}
[2025-02-27 12:33:24] Response Code: 200, Response: {"message":"Success! SMS has been sent","status":0,"ntc":0,"ncell":1,"smartcell":0,"sms_length":1}
[2025-02-27 12:33:24] Session Status: Array
(
    [user_id] => 15
    [user_type] => local
    [user_identifier] => 2007-06-19
    [user_role] => Local Level Election
    [loggedin] => 1
    [show_modal] => 1
    [admin_id] => A-1005
    [otp] => 335466
    [otp_attempts] => 0
    [otp_mobile] => 9826170721
    [otp_sent] => 1
)

[2025-02-27 12:33:32] Verifying OTP. Input: 335466, Stored: 335466
[2025-02-27 12:33:32] OTP verification successful.
[2025-02-27 12:37:13] Session Status: Array
(
    [user_id] => 17
    [user_type] => local
    [user_identifier] => 2055-01-09
    [user_role] => Local Level Election
    [loggedin] => 1
    [show_modal] => 1
    [admin_id] => A-1005
)

[2025-02-27 12:37:16] Generated OTP: 757737 for mobile: 9840760417
[2025-02-27 12:37:17] Request Payload: {"message":"Use this OTP code to access MeroVote Online Voting System: 757737","mobile":"9840760417"}
[2025-02-27 12:37:17] Response Code: 200, Response: {"message":"Success! SMS has been sent","status":0,"ntc":1,"ncell":0,"smartcell":0,"sms_length":1}
[2025-02-27 12:37:17] Session Status: Array
(
    [user_id] => 17
    [user_type] => local
    [user_identifier] => 2055-01-09
    [user_role] => Local Level Election
    [loggedin] => 1
    [show_modal] => 1
    [admin_id] => A-1005
    [otp] => 757737
    [otp_attempts] => 0
    [otp_mobile] => 9840760417
    [otp_sent] => 1
)

[2025-02-27 12:37:39] Verifying OTP. Input: 757737, Stored: 757737
[2025-02-27 12:37:39] OTP verification successful.
[2025-02-28 12:30:58] Session Status: Array
(
    [user_id] => 1
    [admin_id] => A-1005
    [user_type] => college
    [user_identifier] => 2077-001
    [user_role] => School/College Level Election
)

[2025-02-28 12:31:23] Generated OTP: 126267 for mobile: 9826170721
[2025-02-28 12:31:24] Request Payload: {"message":"Use this OTP code to access MeroVote Online Voting System: 126267","mobile":"9826170721"}
[2025-02-28 12:31:24] Response Code: 200, Response: {"message":"Success! SMS has been sent","status":0,"ntc":0,"ncell":1,"smartcell":0,"sms_length":1}
[2025-02-28 12:31:24] Session Status: Array
(
    [user_id] => 1
    [admin_id] => A-1005
    [user_type] => college
    [user_identifier] => 2077-001
    [user_role] => School/College Level Election
    [otp] => 126267
    [otp_attempts] => 0
    [otp_mobile] => 9826170721
    [otp_sent] => 1
)

[2025-02-28 12:31:34] Verifying OTP. Input: 126267, Stored: 126267
[2025-02-28 12:31:34] OTP verification successful.
[2025-02-28 13:03:14] Session Status: Array
(
    [user_id] => 15
    [admin_id] => A-1005
    [user_type] => local
    [user_identifier] => 2007-06-19
    [user_role] => Local Level Election
    [loggedin] => 1
)

[2025-02-28 13:04:40] Session Status: Array
(
    [user_id] => 15
    [admin_id] => A-1005
    [user_type] => local
    [user_identifier] => 2007-06-19
    [user_role] => Local Level Election
    [loggedin] => 1
)

[2025-02-28 13:06:36] Generated OTP: 166312 for mobile: 9826170721
[2025-02-28 13:06:37] Request Payload: {"message":"Use this OTP code to access MeroVote Online Voting System: 166312","mobile":"9826170721"}
[2025-02-28 13:06:37] Response Code: 200, Response: {"message":"Success! SMS has been sent","status":0,"ntc":0,"ncell":1,"smartcell":0,"sms_length":1}
[2025-02-28 13:06:37] Session Status: Array
(
    [user_id] => 15
    [admin_id] => A-1005
    [user_type] => local
    [user_identifier] => 2007-06-19
    [user_role] => Local Level Election
    [loggedin] => 1
    [otp] => 166312
    [otp_attempts] => 0
    [otp_mobile] => 9826170721
    [otp_sent] => 1
)

[2025-02-28 13:06:45] Verifying OTP. Input: 166312, Stored: 166312
[2025-02-28 13:06:45] OTP verification successful.
[2025-02-28 14:01:04] Session Status: Array
(
    [user_id] => 15
    [admin_id] => A-1005
    [user_type] => local
    [user_identifier] => 2007-06-19
    [user_role] => Local Level Election
    [loggedin] => 1
)

[2025-02-28 14:44:18] Session Status: Array
(
    [user_id] => 15
    [admin_id] => A-1005
    [user_type] => local
    [user_identifier] => 2007-06-19
    [user_role] => Local Level Election
    [loggedin] => 1
)

[2025-02-28 14:44:31] Session Status: Array
(
    [user_id] => 1
    [admin_id] => A-1005
    [user_type] => college
    [user_identifier] => 2077-001
    [user_role] => School/College Level Election
    [loggedin] => 1
)

[2025-02-28 23:03:22] Session Status: Array
(
)

[2025-03-02 17:50:03] Session Status: Array
(
)

[2025-03-03 17:41:27] Session Status: Array
(
    [user_id] => 1
    [user_type] => college
    [user_identifier] => 2077-001
    [user_role] => School/College Level Election
)

[2025-03-03 17:41:34] Generated OTP: 766544 for mobile: 9840760417
[2025-03-03 17:41:35] Request Payload: {"message":"Use this OTP code to access MeroVote Online Voting System: 766544","mobile":"9840760417"}
[2025-03-03 17:41:35] Response Code: 200, Response: {"message":"Success! SMS has been sent","status":0,"ntc":1,"ncell":0,"smartcell":0,"sms_length":1}
[2025-03-03 17:41:35] Session Status: Array
(
    [user_id] => 1
    [user_type] => college
    [user_identifier] => 2077-001
    [user_role] => School/College Level Election
    [otp] => 766544
    [otp_attempts] => 0
    [otp_mobile] => 9840760417
    [otp_sent] => 1
)

[2025-03-03 17:42:03] Verifying OTP. Input: 766554, Stored: 766544
[2025-03-03 17:42:03] OTP verification failed. Attempt: 1
[2025-03-03 17:42:03] Session Status: Array
(
    [user_id] => 1
    [user_type] => college
    [user_identifier] => 2077-001
    [user_role] => School/College Level Election
    [otp] => 766544
    [otp_attempts] => 1
    [otp_mobile] => 9840760417
    [otp_sent] => 1
)

[2025-03-03 17:42:13] Verifying OTP. Input: 766544, Stored: 766544
[2025-03-03 17:42:13] OTP verification successful.
[2025-03-04 16:19:16] Session Status: Array
(
)

[2025-03-05 19:55:31] Session Status: Array
(
    [user_id] => 2
    [admin_id] => A-1005
)

[2025-03-05 19:55:35] Generated OTP: 777231 for mobile: 9826170721
[2025-03-05 19:55:36] Request Payload: {"message":"Use this OTP code to access MeroVote Online Voting System: 777231","mobile":"9826170721"}
[2025-03-05 19:55:36] Response Code: 200, Response: {"message":"Success! SMS has been sent","status":0,"ntc":0,"ncell":1,"smartcell":0,"sms_length":1}
[2025-03-05 19:55:36] Session Status: Array
(
    [user_id] => 2
    [admin_id] => A-1005
    [otp] => 777231
    [otp_attempts] => 0
    [otp_mobile] => 9826170721
    [otp_sent] => 1
)

[2025-03-05 19:55:44] Verifying OTP. Input: 789686, Stored: 777231
[2025-03-05 19:55:44] OTP verification failed. Attempt: 1
[2025-03-05 19:55:44] Session Status: Array
(
    [user_id] => 2
    [admin_id] => A-1005
    [otp] => 777231
    [otp_attempts] => 1
    [otp_mobile] => 9826170721
    [otp_sent] => 1
)

[2025-03-05 19:55:57] Verifying OTP. Input: 777231, Stored: 777231
[2025-03-05 19:55:57] OTP verification successful.
[2025-03-05 20:34:27] Session Status: Array
(
    [phone-number] => 
    [user_id] => 11
    [user_type] => college
    [user_identifier] => 2077-0011
    [user_role] => School/College Level Election
)

[2025-03-05 20:34:30] Generated OTP: 409922 for mobile: 9826170721
[2025-03-05 20:34:31] Request Payload: {"message":"Use this OTP code to access MeroVote Online Voting System: 409922","mobile":"9826170721"}
[2025-03-05 20:34:31] Response Code: 200, Response: {"message":"Success! SMS has been sent","status":0,"ntc":0,"ncell":1,"smartcell":0,"sms_length":1}
[2025-03-05 20:34:31] Session Status: Array
(
    [phone-number] => 
    [user_id] => 11
    [user_type] => college
    [user_identifier] => 2077-0011
    [user_role] => School/College Level Election
    [otp] => 409922
    [otp_attempts] => 0
    [otp_mobile] => 9826170721
    [otp_sent] => 1
)

[2025-03-05 20:34:46] Verifying OTP. Input: 409922, Stored: 409922
[2025-03-05 20:34:46] OTP verification successful.
[2025-03-06 04:51:55] Session Status: Array
(
)

[2025-03-06 04:57:23] Session Status: Array
(
    [phone-number] => 
    [user_id] => 2
    [admin_id] => A-1005
)

[2025-03-06 04:57:31] Generated OTP: 622021 for mobile: 9826170721
[2025-03-06 04:57:32] Request Payload: {"message":"Use this OTP code to access MeroVote Online Voting System: 622021","mobile":"9826170721"}
[2025-03-06 04:57:32] Response Code: 200, Response: {"message":"Success! SMS has been sent","status":0,"ntc":0,"ncell":1,"smartcell":0,"sms_length":1}
[2025-03-06 04:57:32] Session Status: Array
(
    [phone-number] => 
    [user_id] => 2
    [admin_id] => A-1005
    [otp] => 622021
    [otp_attempts] => 0
    [otp_mobile] => 9826170721
    [otp_sent] => 1
)

[2025-03-06 04:57:38] Verifying OTP. Input: 622021, Stored: 622021
[2025-03-06 04:57:38] OTP verification successful.
[2025-03-06 10:29:52] Session Status: Array
(
    [phone-number] => 9840760417
    [user_id] => 17
    [user_type] => local-grp
    [user_identifier] => 2055-01-09
    [user_role] => Local Level Election-Group
    [message] => Vote successfully submitted!
    [msg_type] => success
)

[2025-03-06 10:29:53] SMS Payload: {"message":"Dear voter, thanks for casting your vote through MeroVote!","mobile":"9840760417"}
[2025-03-06 10:29:53] Response Code: 200, Response: {"message":"Success! SMS has been sent","status":0,"ntc":1,"ncell":0,"smartcell":0,"sms_length":1}
[2025-03-06 10:33:25] Session Status: Array
(
    [phone-number] => 9860394188
    [user_id] => 19
    [user_type] => local-grp
    [user_identifier] => 1988-01-06
    [user_role] => Local Level Election-Group
    [message] => Vote successfully submitted!
    [msg_type] => success
)

[2025-03-06 10:33:25] SMS Payload: {"message":"Dear voter, thanks for casting your vote through MeroVote!","mobile":"9860394188"}
[2025-03-06 10:33:25] Response Code: 200, Response: {"message":"Success! SMS has been sent","status":0,"ntc":1,"ncell":0,"smartcell":0,"sms_length":1}
[2025-03-06 05:59:04] Session Status: Array
(
    [phone-number] => 9826170721
    [user_id] => 11
    [user_type] => college-grp
    [user_identifier] => 2077-0011
    [user_role] => School/College Level Election-Group
)

[2025-03-06 05:59:07] Generated OTP: 433885 for mobile: 9826170721
[2025-03-06 05:59:08] Request Payload: {"message":"Use this OTP code to access MeroVote Online Voting System: 433885","mobile":"9826170721"}
[2025-03-06 05:59:08] Response Code: 200, Response: {"message":"Success! SMS has been sent","status":0,"ntc":0,"ncell":1,"smartcell":0,"sms_length":1}
[2025-03-06 05:59:08] Session Status: Array
(
    [phone-number] => 9826170721
    [user_id] => 11
    [user_type] => college-grp
    [user_identifier] => 2077-0011
    [user_role] => School/College Level Election-Group
    [otp] => 433885
    [otp_attempts] => 0
    [otp_mobile] => 9826170721
    [otp_sent] => 1
)

[2025-03-06 05:59:22] Verifying OTP. Input: 433885, Stored: 433885
[2025-03-06 05:59:22] OTP verification successful.
[2025-03-06 10:44:40] Session Status: Array
(
    [phone-number] => 9826170721
    [user_id] => 11
    [user_type] => college-grp
    [user_identifier] => 2077-0011
    [user_role] => School/College Level Election-Group
    [otp_mobile] => 9826170721
    [otp_sent] => 1
    [loggedin] => 1
    [message] => Vote successfully submitted!
    [msg_type] => success
)

[2025-03-06 10:44:48] SMS Payload: {"message":"Dear voter, thanks for casting your vote through MeroVote!","mobile":"9826170721"}
[2025-03-06 10:44:48] Response Code: 200, Response: {"message":"Success! SMS has been sent","status":0,"ntc":0,"ncell":1,"smartcell":0,"sms_length":1}
[2025-03-06 06:03:55] Session Status: Array
(
    [user_id] => 2
    [admin_id] => A-1005
)

[2025-03-06 06:03:58] Generated OTP: 468796 for mobile: 9826170721
[2025-03-06 06:03:59] Request Payload: {"message":"Use this OTP code to access MeroVote Online Voting System: 468796","mobile":"9826170721"}
[2025-03-06 06:03:59] Response Code: 200, Response: {"message":"Success! SMS has been sent","status":0,"ntc":0,"ncell":1,"smartcell":0,"sms_length":1}
[2025-03-06 06:03:59] Session Status: Array
(
    [user_id] => 2
    [admin_id] => A-1005
    [otp] => 468796
    [otp_attempts] => 0
    [otp_mobile] => 9826170721
    [otp_sent] => 1
)

[2025-03-06 06:04:16] Verifying OTP. Input: 468796, Stored: 468796
[2025-03-06 06:04:16] OTP verification successful.
[2025-03-06 06:06:42] Session Status: Array
(
    [phone-number] => 9826170721
    [user_id] => 15
    [user_type] => local
    [user_identifier] => 2007-06-19
    [user_role] => Local Level Election
)

[2025-03-06 06:06:45] Generated OTP: 482765 for mobile: 9826170721
[2025-03-06 06:06:45] Request Payload: {"message":"Use this OTP code to access MeroVote Online Voting System: 482765","mobile":"9826170721"}
[2025-03-06 06:06:45] Response Code: 200, Response: {"message":"Success! SMS has been sent","status":0,"ntc":0,"ncell":1,"smartcell":0,"sms_length":1}
[2025-03-06 06:06:45] Session Status: Array
(
    [phone-number] => 9826170721
    [user_id] => 15
    [user_type] => local
    [user_identifier] => 2007-06-19
    [user_role] => Local Level Election
    [otp] => 482765
    [otp_attempts] => 0
    [otp_mobile] => 9826170721
    [otp_sent] => 1
)

[2025-03-06 06:06:53] Verifying OTP. Input: 482765, Stored: 482765
[2025-03-06 06:06:53] OTP verification successful.
[2025-03-06 10:52:11] Session Status: Array
(
    [phone-number] => 9826170721
    [user_id] => 15
    [user_type] => local
    [user_identifier] => 2007-06-19
    [user_role] => Local Level Election
    [otp_mobile] => 9826170721
    [otp_sent] => 1
    [loggedin] => 1
    [message] => Vote successfully submitted!
    [msg_type] => success
    [show_modal] => 1
)

[2025-03-06 10:52:12] SMS Payload: {"message":"Dear voter, thanks for casting your vote through MeroVote!","mobile":"9826170721"}
[2025-03-06 10:52:12] Response Code: 200, Response: {"message":"Success! SMS has been sent","status":0,"ntc":0,"ncell":1,"smartcell":0,"sms_length":1}
[2025-03-06 06:12:09] Session Status: Array
(
    [user_id] => 2
    [admin_id] => A-1005
)

[2025-03-06 07:12:34] Session Status: Array
(
    [user_id] => 2
    [admin_id] => A-1005
)

[2025-03-06 07:12:37] Generated OTP: 156679 for mobile: 9826170721
[2025-03-06 07:12:38] Request Payload: {"message":"Use this OTP code to access MeroVote Online Voting System: 156679","mobile":"9826170721"}
[2025-03-06 07:12:38] Response Code: 200, Response: {"message":"Success! SMS has been sent","status":0,"ntc":0,"ncell":1,"smartcell":0,"sms_length":1}
[2025-03-06 07:12:38] Session Status: Array
(
    [user_id] => 2
    [admin_id] => A-1005
    [otp] => 156679
    [otp_attempts] => 0
    [otp_mobile] => 9826170721
    [otp_sent] => 1
)

[2025-03-06 07:12:57] Verifying OTP. Input: 156679, Stored: 156679
[2025-03-06 07:12:57] OTP verification successful.
[2025-03-06 10:33:47] Session Status: Array
(
    [user_id] => 15
    [admin_id] => A-1005
    [loggedin] => 1
    [phone-number] => 9826170721
    [user_type] => local-grp
    [user_identifier] => 2007-06-19
    [user_role] => Local Level Election-Group
)

[2025-03-06 10:33:50] Generated OTP: 740264 for mobile: 9826170721
[2025-03-06 10:33:51] Request Payload: {"message":"Use this OTP code to access MeroVote Online Voting System: 740264","mobile":"9826170721"}
[2025-03-06 10:33:51] Response Code: 200, Response: {"message":"Success! SMS has been sent","status":0,"ntc":0,"ncell":1,"smartcell":0,"sms_length":1}
[2025-03-06 10:33:51] Session Status: Array
(
    [user_id] => 15
    [admin_id] => A-1005
    [loggedin] => 1
    [phone-number] => 9826170721
    [user_type] => local-grp
    [user_identifier] => 2007-06-19
    [user_role] => Local Level Election-Group
    [otp] => 740264
    [otp_attempts] => 0
    [otp_mobile] => 9826170721
    [otp_sent] => 1
)

[2025-03-06 10:34:05] Verifying OTP. Input: 740264, Stored: 740264
[2025-03-06 10:34:05] OTP verification successful.
[2025-03-06 10:38:17] Session Status: Array
(
    [phone-number] => 9826170721
    [user_id] => 11
    [user_type] => college-grp
    [user_identifier] => 2077-0011
    [user_role] => School/College Level Election-Group
)

[2025-03-06 10:38:20] Generated OTP: 654126 for mobile: 9826170721
[2025-03-06 10:38:21] Request Payload: {"message":"Use this OTP code to access MeroVote Online Voting System: 654126","mobile":"9826170721"}
[2025-03-06 10:38:21] Response Code: 200, Response: {"message":"Success! SMS has been sent","status":0,"ntc":0,"ncell":1,"smartcell":0,"sms_length":1}
[2025-03-06 10:38:21] Session Status: Array
(
    [phone-number] => 9826170721
    [user_id] => 11
    [user_type] => college-grp
    [user_identifier] => 2077-0011
    [user_role] => School/College Level Election-Group
    [otp] => 654126
    [otp_attempts] => 0
    [otp_mobile] => 9826170721
    [otp_sent] => 1
)

[2025-03-06 10:38:29] Verifying OTP. Input: 654126, Stored: 654126
[2025-03-06 10:38:29] OTP verification successful.
[2025-03-06 10:46:25] Session Status: Array
(
    [phone-number] => 9826170721
    [user_id] => 11
    [user_type] => college-grp
    [user_identifier] => 2077-0011
    [user_role] => School/College Level Election-Group
)

[2025-03-06 10:46:30] Generated OTP: 380049 for mobile: 9826170721
[2025-03-06 10:46:31] Request Payload: {"message":"Use this OTP code to access MeroVote Online Voting System: 380049","mobile":"9826170721"}
[2025-03-06 10:46:31] Response Code: 200, Response: {"message":"Success! SMS has been sent","status":0,"ntc":0,"ncell":1,"smartcell":0,"sms_length":1}
[2025-03-06 10:46:31] Session Status: Array
(
    [phone-number] => 9826170721
    [user_id] => 11
    [user_type] => college-grp
    [user_identifier] => 2077-0011
    [user_role] => School/College Level Election-Group
    [otp] => 380049
    [otp_attempts] => 0
    [otp_mobile] => 9826170721
    [otp_sent] => 1
)

[2025-03-06 10:46:40] Verifying OTP. Input: 380049, Stored: 380049
[2025-03-06 10:46:40] OTP verification successful.
[2025-03-06 10:47:00] Session Status: Array
(
    [phone-number] => 9826170721
    [user_id] => 11
    [user_type] => college
    [user_identifier] => 2077-0011
    [user_role] => School/College Level Election
)

[2025-03-06 10:47:03] Generated OTP: 823181 for mobile: 9826170721
[2025-03-06 10:47:03] Request Payload: {"message":"Use this OTP code to access MeroVote Online Voting System: 823181","mobile":"9826170721"}
[2025-03-06 10:47:03] Response Code: 200, Response: {"message":"Success! SMS has been sent","status":0,"ntc":0,"ncell":1,"smartcell":0,"sms_length":1}
[2025-03-06 10:47:03] Session Status: Array
(
    [phone-number] => 9826170721
    [user_id] => 11
    [user_type] => college
    [user_identifier] => 2077-0011
    [user_role] => School/College Level Election
    [otp] => 823181
    [otp_attempts] => 0
    [otp_mobile] => 9826170721
    [otp_sent] => 1
)

[2025-03-06 10:47:10] Verifying OTP. Input: 823181, Stored: 823181
[2025-03-06 10:47:10] OTP verification successful.
[2025-03-06 10:48:12] Session Status: Array
(
    [user_id] => 2
    [admin_id] => A-1005
)

[2025-03-06 10:48:15] Generated OTP: 395678 for mobile: 9826170721
[2025-03-06 10:48:16] Request Payload: {"message":"Use this OTP code to access MeroVote Online Voting System: 395678","mobile":"9826170721"}
[2025-03-06 10:48:16] Response Code: 200, Response: {"message":"Success! SMS has been sent","status":0,"ntc":0,"ncell":1,"smartcell":0,"sms_length":1}
[2025-03-06 10:48:16] Session Status: Array
(
    [user_id] => 2
    [admin_id] => A-1005
    [otp] => 395678
    [otp_attempts] => 0
    [otp_mobile] => 9826170721
    [otp_sent] => 1
)

[2025-03-06 10:48:23] Verifying OTP. Input: 395678, Stored: 395678
[2025-03-06 10:48:23] OTP verification successful.
[2025-03-06 10:48:43] Session Status: Array
(
    [phone-number] => 9826170721
    [user_id] => 15
    [user_type] => local
    [user_identifier] => 2007-06-19
    [user_role] => Local Level Election
)

[2025-03-06 10:48:46] Generated OTP: 674947 for mobile: 9826170721
[2025-03-06 10:48:47] Request Payload: {"message":"Use this OTP code to access MeroVote Online Voting System: 674947","mobile":"9826170721"}
[2025-03-06 10:48:47] Response Code: 200, Response: {"message":"Success! SMS has been sent","status":0,"ntc":0,"ncell":1,"smartcell":0,"sms_length":1}
[2025-03-06 10:48:47] Session Status: Array
(
    [phone-number] => 9826170721
    [user_id] => 15
    [user_type] => local
    [user_identifier] => 2007-06-19
    [user_role] => Local Level Election
    [otp] => 674947
    [otp_attempts] => 0
    [otp_mobile] => 9826170721
    [otp_sent] => 1
)

[2025-03-06 10:48:56] Verifying OTP. Input: 674947, Stored: 674947
[2025-03-06 10:48:56] OTP verification successful.
[2025-03-06 10:49:20] Session Status: Array
(
    [phone-number] => 9826170721
    [user_id] => 3
    [user_type] => org-grp
    [user_identifier] => 21-77-605
    [user_role] => Organizational Level Election-Group
)

[2025-03-06 10:49:23] Generated OTP: 950122 for mobile: 9826170721
[2025-03-06 10:49:24] Request Payload: {"message":"Use this OTP code to access MeroVote Online Voting System: 950122","mobile":"9826170721"}
[2025-03-06 10:49:24] Response Code: 200, Response: {"message":"Success! SMS has been sent","status":0,"ntc":0,"ncell":1,"smartcell":0,"sms_length":1}
[2025-03-06 10:49:24] Session Status: Array
(
    [phone-number] => 9826170721
    [user_id] => 3
    [user_type] => org-grp
    [user_identifier] => 21-77-605
    [user_role] => Organizational Level Election-Group
    [otp] => 950122
    [otp_attempts] => 0
    [otp_mobile] => 9826170721
    [otp_sent] => 1
)

[2025-03-06 10:49:31] Verifying OTP. Input: 950122, Stored: 950122
[2025-03-06 10:49:31] OTP verification successful.
[2025-03-06 10:50:03] Session Status: Array
(
    [phone-number] => 9826170721
    [user_id] => 15
    [user_type] => local-grp
    [user_identifier] => 2007-06-19
    [user_role] => Local Level Election-Group
)

[2025-03-06 10:50:06] Generated OTP: 192995 for mobile: 9826170721
[2025-03-06 10:50:07] Request Payload: {"message":"Use this OTP code to access MeroVote Online Voting System: 192995","mobile":"9826170721"}
[2025-03-06 10:50:07] Response Code: 200, Response: {"message":"Success! SMS has been sent","status":0,"ntc":0,"ncell":1,"smartcell":0,"sms_length":1}
[2025-03-06 10:50:07] Session Status: Array
(
    [phone-number] => 9826170721
    [user_id] => 15
    [user_type] => local-grp
    [user_identifier] => 2007-06-19
    [user_role] => Local Level Election-Group
    [otp] => 192995
    [otp_attempts] => 0
    [otp_mobile] => 9826170721
    [otp_sent] => 1
)

[2025-03-06 10:50:19] Verifying OTP. Input: 192995, Stored: 192995
[2025-03-06 10:50:19] OTP verification successful.
[2025-03-06 10:51:21] Session Status: Array
(
    [phone-number] => 9826170721
    [user_id] => 11
    [user_type] => college
    [user_identifier] => 2077-0011
    [user_role] => School/College Level Election
)

[2025-03-06 10:51:24] Generated OTP: 378589 for mobile: 9826170721
[2025-03-06 10:51:24] Request Payload: {"message":"Use this OTP code to access MeroVote Online Voting System: 378589","mobile":"9826170721"}
[2025-03-06 10:51:24] Response Code: 200, Response: {"message":"Success! SMS has been sent","status":0,"ntc":0,"ncell":1,"smartcell":0,"sms_length":1}
[2025-03-06 10:51:24] Session Status: Array
(
    [phone-number] => 9826170721
    [user_id] => 11
    [user_type] => college
    [user_identifier] => 2077-0011
    [user_role] => School/College Level Election
    [otp] => 378589
    [otp_attempts] => 0
    [otp_mobile] => 9826170721
    [otp_sent] => 1
)

[2025-03-06 10:51:38] Verifying OTP. Input: 378589, Stored: 378589
[2025-03-06 10:51:38] OTP verification successful.
[2025-03-06 15:36:45] Session Status: Array
(
    [phone-number] => 9826170721
    [user_id] => 11
    [user_type] => college
    [user_identifier] => 2077-0011
    [user_role] => School/College Level Election
    [otp_mobile] => 9826170721
    [otp_sent] => 1
    [loggedin] => 1
    [message] => Vote successfully submitted!
    [msg_type] => success
    [show_modal] => 1
)

[2025-03-06 15:36:46] SMS Payload: {"message":"Dear voter, thanks for casting your vote through MeroVote!","mobile":"9826170721"}
[2025-03-06 15:36:46] Response Code: 200, Response: {"message":"Success! SMS has been sent","status":0,"ntc":0,"ncell":1,"smartcell":0,"sms_length":1}
[2025-03-06 10:52:22] Session Status: Array
(
    [user_id] => 2
    [admin_id] => A-1005
)

[2025-03-06 10:52:24] Generated OTP: 594166 for mobile: 9826170721
[2025-03-06 10:52:25] Request Payload: {"message":"Use this OTP code to access MeroVote Online Voting System: 594166","mobile":"9826170721"}
[2025-03-06 10:52:25] Response Code: 200, Response: {"message":"Success! SMS has been sent","status":0,"ntc":0,"ncell":1,"smartcell":0,"sms_length":1}
[2025-03-06 10:52:25] Session Status: Array
(
    [user_id] => 2
    [admin_id] => A-1005
    [otp] => 594166
    [otp_attempts] => 0
    [otp_mobile] => 9826170721
    [otp_sent] => 1
)

[2025-03-06 10:52:33] Verifying OTP. Input: 594166, Stored: 594166
[2025-03-06 10:52:33] OTP verification successful.
[2025-03-06 10:54:05] Session Status: Array
(
    [user_id] => 15
    [admin_id] => A-1005
    [loggedin] => 1
    [phone-number] => 9826170721
    [user_type] => local-grp
    [user_identifier] => 2007-06-19
    [user_role] => Local Level Election-Group
)

[2025-03-06 10:54:08] Generated OTP: 173206 for mobile: 9826170721
[2025-03-06 10:54:09] Request Payload: {"message":"Use this OTP code to access MeroVote Online Voting System: 173206","mobile":"9826170721"}
[2025-03-06 10:54:09] Response Code: 200, Response: {"message":"Success! SMS has been sent","status":0,"ntc":0,"ncell":1,"smartcell":0,"sms_length":1}
[2025-03-06 10:54:09] Session Status: Array
(
    [user_id] => 15
    [admin_id] => A-1005
    [loggedin] => 1
    [phone-number] => 9826170721
    [user_type] => local-grp
    [user_identifier] => 2007-06-19
    [user_role] => Local Level Election-Group
    [otp] => 173206
    [otp_attempts] => 0
    [otp_mobile] => 9826170721
    [otp_sent] => 1
)

[2025-03-06 10:54:15] Verifying OTP. Input: 173206, Stored: 173206
[2025-03-06 10:54:15] OTP verification successful.
[2025-03-06 10:54:31] Session Status: Array
(
    [phone-number] => 9826170721
    [user_id] => 15
    [user_type] => local-grp
    [user_identifier] => 2007-06-19
    [user_role] => Local Level Election-Group
)

[2025-03-06 10:54:35] Generated OTP: 506461 for mobile: 9826170721
[2025-03-06 10:54:36] Request Payload: {"message":"Use this OTP code to access MeroVote Online Voting System: 506461","mobile":"9826170721"}
[2025-03-06 10:54:36] Response Code: 200, Response: {"message":"Success! SMS has been sent","status":0,"ntc":0,"ncell":1,"smartcell":0,"sms_length":1}
[2025-03-06 10:54:36] Session Status: Array
(
    [phone-number] => 9826170721
    [user_id] => 15
    [user_type] => local-grp
    [user_identifier] => 2007-06-19
    [user_role] => Local Level Election-Group
    [otp] => 506461
    [otp_attempts] => 0
    [otp_mobile] => 9826170721
    [otp_sent] => 1
)

[2025-03-06 10:54:44] Verifying OTP. Input: 506461, Stored: 506461
[2025-03-06 10:54:44] OTP verification successful.
[2025-03-06 10:55:28] Session Status: Array
(
    [phone-number] => 9860394188
    [user_id] => 19
    [user_type] => local-grp
    [user_identifier] => 1988-01-06
    [user_role] => Local Level Election-Group
)

[2025-03-06 10:55:30] Generated OTP: 796573 for mobile: 9860394188
[2025-03-06 10:55:31] Request Payload: {"message":"Use this OTP code to access MeroVote Online Voting System: 796573","mobile":"9860394188"}
[2025-03-06 10:55:31] Response Code: 200, Response: {"message":"Success! SMS has been sent","status":0,"ntc":1,"ncell":0,"smartcell":0,"sms_length":1}
[2025-03-06 10:55:31] Session Status: Array
(
    [phone-number] => 9860394188
    [user_id] => 19
    [user_type] => local-grp
    [user_identifier] => 1988-01-06
    [user_role] => Local Level Election-Group
    [otp] => 796573
    [otp_attempts] => 0
    [otp_mobile] => 9860394188
    [otp_sent] => 1
)

[2025-03-06 10:55:47] Verifying OTP. Input: 796573, Stored: 796573
[2025-03-06 10:55:47] OTP verification successful.
[2025-03-06 10:56:32] Session Status: Array
(
    [phone-number] => 9840760417
    [user_id] => 17
    [user_type] => local-grp
    [user_identifier] => 2055-01-09
    [user_role] => Local Level Election-Group
)

[2025-03-06 10:56:35] Generated OTP: 961575 for mobile: 9840760417
[2025-03-06 10:56:35] Request Payload: {"message":"Use this OTP code to access MeroVote Online Voting System: 961575","mobile":"9840760417"}
[2025-03-06 10:56:35] Response Code: 200, Response: {"message":"Success! SMS has been sent","status":0,"ntc":1,"ncell":0,"smartcell":0,"sms_length":1}
[2025-03-06 10:56:35] Session Status: Array
(
    [phone-number] => 9840760417
    [user_id] => 17
    [user_type] => local-grp
    [user_identifier] => 2055-01-09
    [user_role] => Local Level Election-Group
    [otp] => 961575
    [otp_attempts] => 0
    [otp_mobile] => 9840760417
    [otp_sent] => 1
)

[2025-03-06 10:56:47] Verifying OTP. Input: 961575, Stored: 961575
[2025-03-06 10:56:47] OTP verification successful.
[2025-03-06 11:09:58] Session Status: Array
(
    [user_id] => 2
    [admin_id] => A-1005
)

[2025-03-06 11:10:01] Generated OTP: 168288 for mobile: 9826170721
[2025-03-06 11:10:02] Request Payload: {"message":"Use this OTP code to access MeroVote Online Voting System: 168288","mobile":"9826170721"}
[2025-03-06 11:10:02] Response Code: 200, Response: {"message":"Success! SMS has been sent","status":0,"ntc":0,"ncell":1,"smartcell":0,"sms_length":1}
[2025-03-06 11:10:02] Session Status: Array
(
    [user_id] => 2
    [admin_id] => A-1005
    [otp] => 168288
    [otp_attempts] => 0
    [otp_mobile] => 9826170721
    [otp_sent] => 1
)

[2025-03-06 11:10:15] Verifying OTP. Input: 168288, Stored: 168288
[2025-03-06 11:10:15] OTP verification successful.
[2025-03-06 11:12:08] Session Status: Array
(
    [phone-number] => 9813422097
    [user_id] => 1
    [user_type] => org
    [user_identifier] => 21-77-601
    [user_role] => Organizational Level Election
)

[2025-03-06 11:12:11] Generated OTP: 107524 for mobile: 9813422097
[2025-03-06 11:12:11] Request Payload: {"message":"Use this OTP code to access MeroVote Online Voting System: 107524","mobile":"9813422097"}
[2025-03-06 11:12:11] Response Code: 200, Response: {"message":"Success! SMS has been sent","status":0,"ntc":0,"ncell":1,"smartcell":0,"sms_length":1}
[2025-03-06 11:12:11] Session Status: Array
(
    [phone-number] => 9813422097
    [user_id] => 1
    [user_type] => org
    [user_identifier] => 21-77-601
    [user_role] => Organizational Level Election
    [otp] => 107524
    [otp_attempts] => 0
    [otp_mobile] => 9813422097
    [otp_sent] => 1
)

[2025-03-06 11:12:23] Verifying OTP. Input: 107524, Stored: 107524
[2025-03-06 11:12:23] OTP verification successful.
[2025-03-06 15:57:32] Session Status: Array
(
    [phone-number] => 9813422097
    [user_id] => 1
    [user_type] => org
    [user_identifier] => 21-77-601
    [user_role] => Organizational Level Election
    [otp_mobile] => 9813422097
    [otp_sent] => 1
    [loggedin] => 1
    [message] => Vote successfully submitted!
    [msg_type] => success
    [show_modal] => 1
)

[2025-03-06 15:57:33] SMS Payload: {"message":"Dear voter, thanks for casting your vote through MeroVote!","mobile":"9813422097"}
[2025-03-06 15:57:33] Response Code: 200, Response: {"message":"Success! SMS has been sent","status":0,"ntc":0,"ncell":1,"smartcell":0,"sms_length":1}
[2025-03-06 11:14:37] Session Status: Array
(
    [phone-number] => 9826170721
    [user_id] => 3
    [user_type] => org
    [user_identifier] => 21-77-605
    [user_role] => Organizational Level Election
)

[2025-03-06 11:14:40] Generated OTP: 398882 for mobile: 9826170721
[2025-03-06 11:14:41] Request Payload: {"message":"Use this OTP code to access MeroVote Online Voting System: 398882","mobile":"9826170721"}
[2025-03-06 11:14:41] Response Code: 200, Response: {"message":"Success! SMS has been sent","status":0,"ntc":0,"ncell":1,"smartcell":0,"sms_length":1}
[2025-03-06 11:14:41] Session Status: Array
(
    [phone-number] => 9826170721
    [user_id] => 3
    [user_type] => org
    [user_identifier] => 21-77-605
    [user_role] => Organizational Level Election
    [otp] => 398882
    [otp_attempts] => 0
    [otp_mobile] => 9826170721
    [otp_sent] => 1
)

[2025-03-06 11:14:51] Verifying OTP. Input: 398882, Stored: 398882
[2025-03-06 11:14:51] OTP verification successful.
[2025-03-06 15:59:55] Session Status: Array
(
    [phone-number] => 9826170721
    [user_id] => 3
    [user_type] => org
    [user_identifier] => 21-77-605
    [user_role] => Organizational Level Election
    [otp_mobile] => 9826170721
    [otp_sent] => 1
    [loggedin] => 1
    [message] => Vote successfully submitted!
    [msg_type] => success
    [show_modal] => 1
)

[2025-03-06 15:59:56] SMS Payload: {"message":"Dear voter, thanks for casting your vote through MeroVote!","mobile":"9826170721"}
[2025-03-06 15:59:56] Response Code: 200, Response: {"message":"Success! SMS has been sent","status":0,"ntc":0,"ncell":1,"smartcell":0,"sms_length":1}
[2025-03-06 11:15:30] Session Status: Array
(
    [user_id] => 2
    [admin_id] => A-1005
)

[2025-03-06 11:15:36] Generated OTP: 731055 for mobile: 9826170721
[2025-03-06 11:15:37] Request Payload: {"message":"Use this OTP code to access MeroVote Online Voting System: 731055","mobile":"9826170721"}
[2025-03-06 11:15:37] Response Code: 200, Response: {"message":"Success! SMS has been sent","status":0,"ntc":0,"ncell":1,"smartcell":0,"sms_length":1}
[2025-03-06 11:15:37] Session Status: Array
(
    [user_id] => 2
    [admin_id] => A-1005
    [otp] => 731055
    [otp_attempts] => 0
    [otp_mobile] => 9826170721
    [otp_sent] => 1
)

[2025-03-06 11:16:03] Verifying OTP. Input: 731055, Stored: 731055
[2025-03-06 11:16:03] OTP verification successful.
[2025-03-06 11:17:25] Session Status: Array
(
    [phone-number] => 9826170721
    [user_id] => 15
    [user_type] => local
    [user_identifier] => 2007-06-19
    [user_role] => Local Level Election
)

[2025-03-06 11:17:28] Generated OTP: 198058 for mobile: 9826170721
[2025-03-06 11:17:29] Request Payload: {"message":"Use this OTP code to access MeroVote Online Voting System: 198058","mobile":"9826170721"}
[2025-03-06 11:17:29] Response Code: 200, Response: {"message":"Success! SMS has been sent","status":0,"ntc":0,"ncell":1,"smartcell":0,"sms_length":1}
[2025-03-06 11:17:29] Session Status: Array
(
    [phone-number] => 9826170721
    [user_id] => 15
    [user_type] => local
    [user_identifier] => 2007-06-19
    [user_role] => Local Level Election
    [otp] => 198058
    [otp_attempts] => 0
    [otp_mobile] => 9826170721
    [otp_sent] => 1
)

[2025-03-06 11:17:37] Verifying OTP. Input: 198058, Stored: 198058
[2025-03-06 11:17:37] OTP verification successful.
[2025-03-06 16:02:49] Session Status: Array
(
    [phone-number] => 9826170721
    [user_id] => 15
    [user_type] => local
    [user_identifier] => 2007-06-19
    [user_role] => Local Level Election
    [otp_mobile] => 9826170721
    [otp_sent] => 1
    [loggedin] => 1
    [message] => Vote successfully submitted!
    [msg_type] => success
    [show_modal] => 1
)

[2025-03-06 16:02:49] SMS Payload: {"message":"Dear voter, thanks for casting your vote through MeroVote!","mobile":"9826170721"}
[2025-03-06 16:02:49] Response Code: 200, Response: {"message":"Success! SMS has been sent","status":0,"ntc":0,"ncell":1,"smartcell":0,"sms_length":1}
[2025-03-06 11:18:21] Session Status: Array
(
    [phone-number] => 9840760417
    [user_id] => 17
    [user_type] => local
    [user_identifier] => 2055-01-09
    [user_role] => Local Level Election
)

[2025-03-06 11:18:24] Generated OTP: 328723 for mobile: 9840760417
[2025-03-06 11:18:25] Request Payload: {"message":"Use this OTP code to access MeroVote Online Voting System: 328723","mobile":"9840760417"}
[2025-03-06 11:18:25] Response Code: 200, Response: {"message":"Success! SMS has been sent","status":0,"ntc":1,"ncell":0,"smartcell":0,"sms_length":1}
[2025-03-06 11:18:25] Session Status: Array
(
    [phone-number] => 9840760417
    [user_id] => 17
    [user_type] => local
    [user_identifier] => 2055-01-09
    [user_role] => Local Level Election
    [otp] => 328723
    [otp_attempts] => 0
    [otp_mobile] => 9840760417
    [otp_sent] => 1
)

[2025-03-06 11:18:37] Verifying OTP. Input: 328723, Stored: 328723
[2025-03-06 11:18:37] OTP verification successful.
[2025-03-06 16:03:42] Session Status: Array
(
    [phone-number] => 9840760417
    [user_id] => 17
    [user_type] => local
    [user_identifier] => 2055-01-09
    [user_role] => Local Level Election
    [otp_mobile] => 9840760417
    [otp_sent] => 1
    [loggedin] => 1
    [message] => Vote successfully submitted!
    [msg_type] => success
    [show_modal] => 1
)

[2025-03-06 16:03:42] SMS Payload: {"message":"Dear voter, thanks for casting your vote through MeroVote!","mobile":"9840760417"}
[2025-03-06 16:03:42] Response Code: 200, Response: {"message":"Success! SMS has been sent","status":0,"ntc":1,"ncell":0,"smartcell":0,"sms_length":1}
[2025-03-06 11:29:24] Session Status: Array
(
    [user_id] => 2
    [admin_id] => A-1005
)

[2025-03-06 11:29:28] Generated OTP: 113505 for mobile: 9826170721
[2025-03-06 11:29:28] Request Payload: {"message":"Use this OTP code to access MeroVote Online Voting System: 113505","mobile":"9826170721"}
[2025-03-06 11:29:28] Response Code: 200, Response: {"message":"Success! SMS has been sent","status":0,"ntc":0,"ncell":1,"smartcell":0,"sms_length":1}
[2025-03-06 11:29:28] Session Status: Array
(
    [user_id] => 2
    [admin_id] => A-1005
    [otp] => 113505
    [otp_attempts] => 0
    [otp_mobile] => 9826170721
    [otp_sent] => 1
)

[2025-03-06 11:29:38] Verifying OTP. Input: 113505, Stored: 113505
[2025-03-06 11:29:38] OTP verification successful.
[2025-03-06 11:36:50] Session Status: Array
(
    [phone-number] => 9826170721
    [user_id] => 3
    [user_type] => org-grp
    [user_identifier] => 21-77-605
    [user_role] => Organizational Level Election-Group
)

[2025-03-06 11:36:53] Generated OTP: 581702 for mobile: 9826170721
[2025-03-06 11:36:53] Request Payload: {"message":"Use this OTP code to access MeroVote Online Voting System: 581702","mobile":"9826170721"}
[2025-03-06 11:36:53] Response Code: 200, Response: {"message":"Success! SMS has been sent","status":0,"ntc":0,"ncell":1,"smartcell":0,"sms_length":1}
[2025-03-06 11:36:53] Session Status: Array
(
    [phone-number] => 9826170721
    [user_id] => 3
    [user_type] => org-grp
    [user_identifier] => 21-77-605
    [user_role] => Organizational Level Election-Group
    [otp] => 581702
    [otp_attempts] => 0
    [otp_mobile] => 9826170721
    [otp_sent] => 1
)

[2025-03-06 11:37:03] Verifying OTP. Input: 581702, Stored: 581702
[2025-03-06 11:37:03] OTP verification successful.
[2025-03-06 16:23:37] Session Status: Array
(
    [phone-number] => 9826170721
    [user_id] => 3
    [user_type] => org-grp
    [user_identifier] => 21-77-605
    [user_role] => Organizational Level Election-Group
    [otp_mobile] => 9826170721
    [otp_sent] => 1
    [loggedin] => 1
    [message] => Vote successfully submitted!
    [msg_type] => success
)

[2025-03-06 16:23:37] SMS Payload: {"message":"Dear voter, thanks for casting your vote through MeroVote!","mobile":"9826170721"}
[2025-03-06 16:23:37] Response Code: 200, Response: {"message":"Success! SMS has been sent","status":0,"ntc":0,"ncell":1,"smartcell":0,"sms_length":1}
[2025-03-06 12:15:46] Session Status: Array
(
    [user_id] => 2
    [admin_id] => A-1005
)

[2025-03-06 12:15:50] Generated OTP: 640470 for mobile: 9826170721
[2025-03-06 12:15:51] Request Payload: {"message":"Use this OTP code to access MeroVote Online Voting System: 640470","mobile":"9826170721"}
[2025-03-06 12:15:51] Response Code: 200, Response: {"message":"Success! SMS has been sent","status":0,"ntc":0,"ncell":1,"smartcell":0,"sms_length":1}
[2025-03-06 12:15:51] Session Status: Array
(
    [user_id] => 2
    [admin_id] => A-1005
    [otp] => 640470
    [otp_attempts] => 0
    [otp_mobile] => 9826170721
    [otp_sent] => 1
)

[2025-03-06 12:15:59] Verifying OTP. Input: 640470, Stored: 640470
[2025-03-06 12:15:59] OTP verification successful.
[2025-03-06 12:20:53] Session Status: Array
(
    [phone-number] => 9826170721
    [user_id] => 11
    [user_type] => college-grp
    [user_identifier] => 2077-0011
    [user_role] => School/College Level Election-Group
)

[2025-03-06 12:20:57] Generated OTP: 528977 for mobile: 9826170721
[2025-03-06 12:20:58] Request Payload: {"message":"Use this OTP code to access MeroVote Online Voting System: 528977","mobile":"9826170721"}
[2025-03-06 12:20:58] Response Code: 200, Response: {"message":"Success! SMS has been sent","status":0,"ntc":0,"ncell":1,"smartcell":0,"sms_length":1}
[2025-03-06 12:20:58] Session Status: Array
(
    [phone-number] => 9826170721
    [user_id] => 11
    [user_type] => college-grp
    [user_identifier] => 2077-0011
    [user_role] => School/College Level Election-Group
    [otp] => 528977
    [otp_attempts] => 0
    [otp_mobile] => 9826170721
    [otp_sent] => 1
)

[2025-03-06 12:21:06] Verifying OTP. Input: 528977, Stored: 528977
[2025-03-06 12:21:06] OTP verification successful.
[2025-03-06 17:06:42] Session Status: Array
(
    [phone-number] => 9826170721
    [user_id] => 11
    [user_type] => college-grp
    [user_identifier] => 2077-0011
    [user_role] => School/College Level Election-Group
    [otp_mobile] => 9826170721
    [otp_sent] => 1
    [loggedin] => 1
    [message] => Vote successfully submitted!
    [msg_type] => success
)

[2025-03-06 17:06:43] SMS Payload: {"message":"Dear voter, thanks for casting your vote through MeroVote!","mobile":"9826170721"}
[2025-03-06 17:06:43] Response Code: 200, Response: {"message":"Success! SMS has been sent","status":0,"ntc":0,"ncell":1,"smartcell":0,"sms_length":1}
[2025-03-06 14:14:51] Session Status: Array
(
    [user_id] => 2
    [admin_id] => A-1005
)

[2025-03-06 14:14:55] Generated OTP: 769966 for mobile: 9826170721
[2025-03-06 14:14:56] Request Payload: {"message":"Use this OTP code to access MeroVote Online Voting System: 769966","mobile":"9826170721"}
[2025-03-06 14:14:56] Response Code: 200, Response: {"message":"Success! SMS has been sent","status":0,"ntc":0,"ncell":1,"smartcell":0,"sms_length":1}
[2025-03-06 14:14:56] Session Status: Array
(
    [user_id] => 2
    [admin_id] => A-1005
    [otp] => 769966
    [otp_attempts] => 0
    [otp_mobile] => 9826170721
    [otp_sent] => 1
)

[2025-03-06 14:15:09] Verifying OTP. Input: 769966, Stored: 769966
[2025-03-06 14:15:09] OTP verification successful.
[2025-03-06 16:15:51] Session Status: Array
(
)

[2025-03-07 03:14:59] Session Status: Array
(
)

[2025-03-07 03:18:57] Session Status: Array
(
    [phone-number] => 9862404678
    [user_id] => 23
    [user_type] => college-grp
    [user_identifier] => 2077-0023
    [user_role] => School/College Level Election-Group
)

[2025-03-07 03:19:10] Generated OTP: 850502 for mobile: 9862404678
[2025-03-07 03:19:11] Request Payload: {"message":"Use this OTP code to access MeroVote Online Voting System: 850502","mobile":"9862404678"}
[2025-03-07 03:19:11] Response Code: 200, Response: {"message":"Success! SMS has been sent","status":0,"ntc":1,"ncell":0,"smartcell":0,"sms_length":1}
[2025-03-07 03:19:11] Session Status: Array
(
    [phone-number] => 9862404678
    [user_id] => 23
    [user_type] => college-grp
    [user_identifier] => 2077-0023
    [user_role] => School/College Level Election-Group
    [otp] => 850502
    [otp_attempts] => 0
    [otp_mobile] => 9862404678
    [otp_sent] => 1
)

[2025-03-07 03:19:28] Verifying OTP. Input: 850502, Stored: 850502
[2025-03-07 03:19:28] OTP verification successful.
[2025-03-07 08:07:31] Session Status: Array
(
    [phone-number] => 9862404678
    [user_id] => 23
    [user_type] => college-grp
    [user_identifier] => 2077-0023
    [user_role] => School/College Level Election-Group
    [otp_mobile] => 9862404678
    [otp_sent] => 1
    [loggedin] => 1
    [message] => Vote successfully submitted!
    [msg_type] => success
)

[2025-03-07 08:07:32] SMS Payload: {"message":"Dear voter, thanks for casting your vote through MeroVote!","mobile":"9862404678"}
[2025-03-07 08:07:32] Response Code: 200, Response: {"message":"Success! SMS has been sent","status":0,"ntc":1,"ncell":0,"smartcell":0,"sms_length":1}
[2025-03-07 03:23:25] Session Status: Array
(
    [user_id] => 2
    [admin_id] => A-1005
)

[2025-03-07 03:23:45] Generated OTP: 841541 for mobile: 9826170721
[2025-03-07 03:23:46] Request Payload: {"message":"Use this OTP code to access MeroVote Online Voting System: 841541","mobile":"9826170721"}
[2025-03-07 03:23:46] Response Code: 200, Response: {"message":"Success! SMS has been sent","status":0,"ntc":0,"ncell":1,"smartcell":0,"sms_length":1}
[2025-03-07 03:23:46] Session Status: Array
(
    [user_id] => 2
    [admin_id] => A-1005
    [otp] => 841541
    [otp_attempts] => 0
    [otp_mobile] => 9826170721
    [otp_sent] => 1
)

[2025-03-07 03:24:02] Verifying OTP. Input: 841541, Stored: 841541
[2025-03-07 03:24:02] OTP verification successful.
[2025-03-07 03:56:25] Session Status: Array
(
    [phone-number] => 9840760417
    [user_id] => 1
    [user_type] => org-grp
    [user_identifier] => 21-77-601
    [user_role] => Organizational Level Election-Group
)

[2025-03-07 04:07:38] Session Status: Array
(
    [user_id] => 2
    [admin_id] => A-1005
)

[2025-03-07 04:07:40] Generated OTP: 949047 for mobile: 9826170721
[2025-03-07 04:07:42] Request Payload: {"message":"Use this OTP code to access MeroVote Online Voting System: 949047","mobile":"9826170721"}
[2025-03-07 04:07:42] Response Code: 200, Response: {"message":"Success! SMS has been sent","status":0,"ntc":0,"ncell":1,"smartcell":0,"sms_length":1}
[2025-03-07 04:07:42] Session Status: Array
(
    [user_id] => 2
    [admin_id] => A-1005
    [otp] => 949047
    [otp_attempts] => 0
    [otp_mobile] => 9826170721
    [otp_sent] => 1
)

[2025-03-07 04:07:55] Verifying OTP. Input: 949047, Stored: 949047
[2025-03-07 04:07:55] OTP verification successful.
[2025-03-07 04:08:54] Session Status: Array
(
    [phone-number] => 9840760417
    [user_id] => 1
    [user_type] => org-grp
    [user_identifier] => 21-77-601
    [user_role] => Organizational Level Election-Group
)

[2025-03-07 04:08:59] Generated OTP: 590849 for mobile: 9840760417
[2025-03-07 04:09:01] Request Payload: {"message":"Use this OTP code to access MeroVote Online Voting System: 590849","mobile":"9840760417"}
[2025-03-07 04:09:01] Response Code: 200, Response: {"message":"Success! SMS has been sent","status":0,"ntc":1,"ncell":0,"smartcell":0,"sms_length":1}
[2025-03-07 04:09:01] Session Status: Array
(
    [phone-number] => 9840760417
    [user_id] => 1
    [user_type] => org-grp
    [user_identifier] => 21-77-601
    [user_role] => Organizational Level Election-Group
    [otp] => 590849
    [otp_attempts] => 0
    [otp_mobile] => 9840760417
    [otp_sent] => 1
)

[2025-03-07 04:09:11] Verifying OTP. Input: 590849, Stored: 590849
[2025-03-07 04:09:11] OTP verification successful.
[2025-03-07 08:55:23] Session Status: Array
(
    [phone-number] => 9840760417
    [user_id] => 1
    [user_type] => org-grp
    [user_identifier] => 21-77-601
    [user_role] => Organizational Level Election-Group
    [otp_mobile] => 9840760417
    [otp_sent] => 1
    [loggedin] => 1
    [message] => Vote successfully submitted!
    [msg_type] => success
)

[2025-03-07 08:55:33] SMS Payload: {"message":"Dear voter, thanks for casting your vote through MeroVote!","mobile":"9840760417"}
[2025-03-07 08:55:33] Response Code: 0, Response: 
[2025-03-07 08:55:33] CURL Error: Operation timed out after 10001 milliseconds with 0 bytes received
[2025-03-07 08:55:33] SMS Error: Failed to send SMS. HTTP Error: 0 - Service unavailable
[2025-03-07 04:44:33] Session Status: Array
(
    [phone-number] => 9860394188
    [user_id] => 2
    [user_type] => org-grp
    [user_identifier] => 21-77-612
    [user_role] => Organizational Level Election-Group
)

[2025-03-07 04:44:37] Generated OTP: 870091 for mobile: 9860394188
[2025-03-07 04:44:38] Request Payload: {"message":"Use this OTP code to access MeroVote Online Voting System: 870091","mobile":"9860394188"}
[2025-03-07 04:44:38] Response Code: 200, Response: {"message":"Success! SMS has been sent","status":0,"ntc":1,"ncell":0,"smartcell":0,"sms_length":1}
[2025-03-07 04:44:38] Session Status: Array
(
    [phone-number] => 9860394188
    [user_id] => 2
    [user_type] => org-grp
    [user_identifier] => 21-77-612
    [user_role] => Organizational Level Election-Group
    [otp] => 870091
    [otp_attempts] => 0
    [otp_mobile] => 9860394188
    [otp_sent] => 1
)

[2025-03-07 04:45:00] Verifying OTP. Input: 870091, Stored: 870091
[2025-03-07 04:45:00] OTP verification successful.
[2025-03-07 09:30:29] Session Status: Array
(
    [phone-number] => 9860394188
    [user_id] => 2
    [user_type] => org-grp
    [user_identifier] => 21-77-612
    [user_role] => Organizational Level Election-Group
    [otp_mobile] => 9860394188
    [otp_sent] => 1
    [loggedin] => 1
    [message] => Vote successfully submitted!
    [msg_type] => success
)

[2025-03-07 09:30:30] SMS Payload: {"message":"Dear voter, thanks for casting your vote through MeroVote!","mobile":"9860394188"}
[2025-03-07 09:30:30] Response Code: 200, Response: {"message":"Success! SMS has been sent","status":0,"ntc":1,"ncell":0,"smartcell":0,"sms_length":1}
[2025-03-07 04:50:09] Session Status: Array
(
    [phone-number] => 9840531595
    [user_id] => 6
    [user_type] => college
    [user_identifier] => 2077-006
    [user_role] => School/College Level Election
)

[2025-03-07 04:50:22] Generated OTP: 698322 for mobile: 9840531595
[2025-03-07 04:50:23] Request Payload: {"message":"Use this OTP code to access MeroVote Online Voting System: 698322","mobile":"9840531595"}
[2025-03-07 04:50:23] Response Code: 200, Response: {"message":"Success! SMS has been sent","status":0,"ntc":1,"ncell":0,"smartcell":0,"sms_length":1}
[2025-03-07 04:50:23] Session Status: Array
(
    [phone-number] => 9840531595
    [user_id] => 6
    [user_type] => college
    [user_identifier] => 2077-006
    [user_role] => School/College Level Election
    [otp] => 698322
    [otp_attempts] => 0
    [otp_mobile] => 9840531595
    [otp_sent] => 1
)

[2025-03-07 04:50:42] Verifying OTP. Input: 698322, Stored: 698322
[2025-03-07 04:50:42] OTP verification successful.
[2025-03-07 09:36:27] Session Status: Array
(
    [phone-number] => 9840531595
    [user_id] => 6
    [user_type] => college
    [user_identifier] => 2077-006
    [user_role] => School/College Level Election
    [otp_mobile] => 9840531595
    [otp_sent] => 1
    [loggedin] => 1
    [message] => Vote successfully submitted!
    [msg_type] => success
    [show_modal] => 1
)

[2025-03-07 09:36:27] SMS Payload: {"message":"Dear voter, thanks for casting your vote through MeroVote!","mobile":"9840531595"}
[2025-03-07 09:36:27] Response Code: 200, Response: {"message":"Success! SMS has been sent","status":0,"ntc":1,"ncell":0,"smartcell":0,"sms_length":1}
[2025-03-07 04:52:16] Session Status: Array
(
    [phone-number] => 9840531595
    [user_id] => 6
    [user_type] => college-grp
    [user_identifier] => 2077-006
    [user_role] => School/College Level Election-Group
)

[2025-03-07 04:52:27] Generated OTP: 899192 for mobile: 9840531595
[2025-03-07 04:52:28] Request Payload: {"message":"Use this OTP code to access MeroVote Online Voting System: 899192","mobile":"9840531595"}
[2025-03-07 04:52:28] Response Code: 200, Response: {"message":"Success! SMS has been sent","status":0,"ntc":1,"ncell":0,"smartcell":0,"sms_length":1}
[2025-03-07 04:52:28] Session Status: Array
(
    [phone-number] => 9840531595
    [user_id] => 6
    [user_type] => college-grp
    [user_identifier] => 2077-006
    [user_role] => School/College Level Election-Group
    [otp] => 899192
    [otp_attempts] => 0
    [otp_mobile] => 9840531595
    [otp_sent] => 1
)

[2025-03-07 04:52:45] Verifying OTP. Input: 899192, Stored: 899192
[2025-03-07 04:52:45] OTP verification successful.
[2025-03-07 09:40:15] Session Status: Array
(
    [phone-number] => 9840531595
    [user_id] => 6
    [user_type] => college-grp
    [user_identifier] => 2077-006
    [user_role] => School/College Level Election-Group
    [otp_mobile] => 9840531595
    [otp_sent] => 1
    [loggedin] => 1
    [message] => Vote successfully submitted!
    [msg_type] => success
)

[2025-03-07 09:40:16] SMS Payload: {"message":"Dear voter, thanks for casting your vote through MeroVote!","mobile":"9840531595"}
[2025-03-07 09:40:16] Response Code: 200, Response: {"message":"Success! SMS has been sent","status":0,"ntc":1,"ncell":0,"smartcell":0,"sms_length":1}
[2025-03-08 07:43:18] Session Status: Array
(
)

[2025-03-08 07:43:37] Session Status: Array
(
    [phone-number] => 9826170721
    [user_id] => 11
    [user_type] => college-grp
    [user_identifier] => 2077-0011
    [user_role] => School/College Level Election-Group
)

[2025-03-08 07:43:41] Generated OTP: 144163 for mobile: 9826170721
[2025-03-08 07:43:42] Request Payload: {"message":"Use this OTP code to access MeroVote Online Voting System: 144163","mobile":"9826170721"}
[2025-03-08 07:43:42] Response Code: 200, Response: {"message":"Success! SMS has been sent","status":0,"ntc":0,"ncell":1,"smartcell":0,"sms_length":1}
[2025-03-08 07:43:42] Session Status: Array
(
    [phone-number] => 9826170721
    [user_id] => 11
    [user_type] => college-grp
    [user_identifier] => 2077-0011
    [user_role] => School/College Level Election-Group
    [otp] => 144163
    [otp_attempts] => 0
    [otp_mobile] => 9826170721
    [otp_sent] => 1
)

[2025-03-08 07:44:04] Verifying OTP. Input: 144163, Stored: 144163
[2025-03-08 07:44:04] OTP verification successful.
[2025-03-08 07:44:18] Session Status: Array
(
    [user_id] => 2
    [admin_id] => A-1005
)

[2025-03-08 07:47:00] Session Status: Array
(
    [phone-number] => 9826170722
    [user_id] => 2
    [admin_id] => A-1005
)

[2025-03-08 07:47:30] Session Status: Array
(
    [user_id] => 2
    [admin_id] => A-1005
)

[2025-03-08 07:48:28] Generated OTP: 495951 for mobile: 9826170721
[2025-03-08 07:48:29] Request Payload: {"message":"Use this OTP code to access MeroVote Online Voting System: 495951","mobile":"9826170721"}
[2025-03-08 07:48:29] Response Code: 200, Response: {"message":"Success! SMS has been sent","status":0,"ntc":0,"ncell":1,"smartcell":0,"sms_length":1}
[2025-03-08 07:48:29] Session Status: Array
(
    [user_id] => 2
    [admin_id] => A-1005
    [otp] => 495951
    [otp_attempts] => 0
    [otp_mobile] => 9826170721
    [otp_sent] => 1
)

[2025-03-08 07:48:39] Verifying OTP. Input: 495951, Stored: 495951
[2025-03-08 07:48:39] OTP verification successful.
